<!DOCTYPE html>

<html>
  <head>
  <meta charset='utf-8'>
  <title>TestNG reports</title>

    <link type="text/css" href="testng-reports.css" rel="stylesheet" />
    <script type="text/javascript" src="jquery-1.7.1.min.js"></script>
    <script type="text/javascript" src="testng-reports.js"></script>
    <script type="text/javascript" src="https://www.google.com/jsapi"></script>
    <script type='text/javascript'>
      google.load('visualization', '1', {packages:['table']});
      google.setOnLoadCallback(drawTable);
      var suiteTableInitFunctions = new Array();
      var suiteTableData = new Array();
    </script>
    <!--
      <script type="text/javascript" src="jquery-ui/js/jquery-ui-1.8.16.custom.min.js"></script>
     -->
  </head>

  <body>
    <div class="top-banner-root">
      <span class="top-banner-title-font">Test results</span>
      <br/>
      <span class="top-banner-font-1">1 suite, 2 failed tests</span>
    </div> <!-- top-banner-root -->
    <div class="navigator-root">
      <div class="navigator-suite-header">
        <span>All suites</span>
        <a href="#" class="collapse-all-link" title="Collapse/expand all the suites">
          <img class="collapse-all-icon" src="collapseall.gif">
          </img> <!-- collapse-all-icon -->
        </a> <!-- collapse-all-link -->
      </div> <!-- navigator-suite-header -->
      <div class="suite">
        <div class="rounded-window">
          <div class="suite-header light-rounded-window-top">
            <a href="#" class="navigator-link" panel-name="suite-Adactin_Hotel_App_Default_test_suite">
              <span class="suite-name border-failed">Adactin Hotel App Default test suite</span>
            </a> <!-- navigator-link -->
          </div> <!-- suite-header light-rounded-window-top -->
          <div class="navigator-suite-content">
            <div class="suite-section-title">
              <span>Info</span>
            </div> <!-- suite-section-title -->
            <div class="suite-section-content">
              <ul>
                <li>
                  <a href="#" class="navigator-link " panel-name="test-xml-Adactin_Hotel_App_Default_test_suite">
                    <span>C:\htgitlocalrepo\_SeleniumAdactinTests\src\test\java\MAVENModule\_SeleniumAdactinTests\series_testng.xml</span>
                  </a> <!-- navigator-link  -->
                </li>
                <li>
                  <a href="#" class="navigator-link " panel-name="testlist-Adactin_Hotel_App_Default_test_suite">
                    <span class="test-stats">1 test</span>
                  </a> <!-- navigator-link  -->
                </li>
                <li>
                  <a href="#" class="navigator-link " panel-name="group-Adactin_Hotel_App_Default_test_suite">
                    <span>0 groups</span>
                  </a> <!-- navigator-link  -->
                </li>
                <li>
                  <a href="#" class="navigator-link " panel-name="times-Adactin_Hotel_App_Default_test_suite">
                    <span>Times</span>
                  </a> <!-- navigator-link  -->
                </li>
                <li>
                  <a href="#" class="navigator-link " panel-name="reporter-Adactin_Hotel_App_Default_test_suite">
                    <span>Reporter output</span>
                  </a> <!-- navigator-link  -->
                </li>
                <li>
                  <a href="#" class="navigator-link " panel-name="ignored-methods-Adactin_Hotel_App_Default_test_suite">
                    <span>Ignored methods</span>
                  </a> <!-- navigator-link  -->
                </li>
                <li>
                  <a href="#" class="navigator-link " panel-name="chronological-Adactin_Hotel_App_Default_test_suite">
                    <span>Chronological view</span>
                  </a> <!-- navigator-link  -->
                </li>
              </ul>
            </div> <!-- suite-section-content -->
            <div class="result-section">
              <div class="suite-section-title">
                <span>Results</span>
              </div> <!-- suite-section-title -->
              <div class="suite-section-content">
                <ul>
                  <li>
                    <span class="method-stats">8 methods, 2 failed,   6 passed</span>
                  </li>
                  <li>
                    <span class="method-list-title failed">Failed methods</span>
                    <span class="show-or-hide-methods failed">
                      <a href="#" panel-name="suite-Adactin_Hotel_App_Default_test_suite" class="hide-methods failed suite-Adactin_Hotel_App_Default_test_suite"> (hide)</a> <!-- hide-methods failed suite-Adactin_Hotel_App_Default_test_suite -->
                      <a href="#" panel-name="suite-Adactin_Hotel_App_Default_test_suite" class="show-methods failed suite-Adactin_Hotel_App_Default_test_suite"> (show)</a> <!-- show-methods failed suite-Adactin_Hotel_App_Default_test_suite -->
                    </span>
                    <div class="method-list-content failed suite-Adactin_Hotel_App_Default_test_suite">
                      <span>
                        <img width="3%" src="failed.png"/>
                        <a href="#" class="method navigator-link" panel-name="suite-Adactin_Hotel_App_Default_test_suite" title="MAVENModule._SeleniumAdactinTests.TC_103" hash-for-method="tc103">tc103</a> <!-- method navigator-link -->
                      </span>
                      <br/>
                      <span>
                        <img width="3%" src="failed.png"/>
                        <a href="#" class="method navigator-link" panel-name="suite-Adactin_Hotel_App_Default_test_suite" title="MAVENModule._SeleniumAdactinTests.TC_108" hash-for-method="test08">test08</a> <!-- method navigator-link -->
                      </span>
                      <br/>
                    </div> <!-- method-list-content failed suite-Adactin_Hotel_App_Default_test_suite -->
                  </li>
                  <li>
                    <span class="method-list-title passed">Passed methods</span>
                    <span class="show-or-hide-methods passed">
                      <a href="#" panel-name="suite-Adactin_Hotel_App_Default_test_suite" class="hide-methods passed suite-Adactin_Hotel_App_Default_test_suite"> (hide)</a> <!-- hide-methods passed suite-Adactin_Hotel_App_Default_test_suite -->
                      <a href="#" panel-name="suite-Adactin_Hotel_App_Default_test_suite" class="show-methods passed suite-Adactin_Hotel_App_Default_test_suite"> (show)</a> <!-- show-methods passed suite-Adactin_Hotel_App_Default_test_suite -->
                    </span>
                    <div class="method-list-content passed suite-Adactin_Hotel_App_Default_test_suite">
                      <span>
                        <img width="3%" src="passed.png"/>
                        <a href="#" class="method navigator-link" panel-name="suite-Adactin_Hotel_App_Default_test_suite" title="MAVENModule._SeleniumAdactinTests.TC_101" hash-for-method="tc101_verify_valid_login">tc101_verify_valid_login</a> <!-- method navigator-link -->
                      </span>
                      <br/>
                      <span>
                        <img width="3%" src="passed.png"/>
                        <a href="#" class="method navigator-link" panel-name="suite-Adactin_Hotel_App_Default_test_suite" title="MAVENModule._SeleniumAdactinTests.TC_102" hash-for-method="tc102_verify_date_error_msgs">tc102_verify_date_error_msgs</a> <!-- method navigator-link -->
                      </span>
                      <br/>
                      <span>
                        <img width="3%" src="passed.png"/>
                        <a href="#" class="method navigator-link" panel-name="suite-Adactin_Hotel_App_Default_test_suite" title="MAVENModule._SeleniumAdactinTests.TC_105" hash-for-method="tc105">tc105</a> <!-- method navigator-link -->
                      </span>
                      <br/>
                      <span>
                        <img width="3%" src="passed.png"/>
                        <a href="#" class="method navigator-link" panel-name="suite-Adactin_Hotel_App_Default_test_suite" title="MAVENModule._SeleniumAdactinTests.TC_106" hash-for-method="tc106">tc106</a> <!-- method navigator-link -->
                      </span>
                      <br/>
                      <span>
                        <img width="3%" src="passed.png"/>
                        <a href="#" class="method navigator-link" panel-name="suite-Adactin_Hotel_App_Default_test_suite" title="MAVENModule._SeleniumAdactinTests.TC_104" hash-for-method="test04">test04</a> <!-- method navigator-link -->
                      </span>
                      <br/>
                      <span>
                        <img width="3%" src="passed.png"/>
                        <a href="#" class="method navigator-link" panel-name="suite-Adactin_Hotel_App_Default_test_suite" title="MAVENModule._SeleniumAdactinTests.TC_107" hash-for-method="test07">test07</a> <!-- method navigator-link -->
                      </span>
                      <br/>
                    </div> <!-- method-list-content passed suite-Adactin_Hotel_App_Default_test_suite -->
                  </li>
                </ul>
              </div> <!-- suite-section-content -->
            </div> <!-- result-section -->
          </div> <!-- navigator-suite-content -->
        </div> <!-- rounded-window -->
      </div> <!-- suite -->
    </div> <!-- navigator-root -->
    <div class="wrapper">
      <div class="main-panel-root">
        <div panel-name="suite-Adactin_Hotel_App_Default_test_suite" class="panel Adactin_Hotel_App_Default_test_suite">
          <div class="suite-Adactin_Hotel_App_Default_test_suite-class-failed">
            <div class="main-panel-header rounded-window-top">
              <img src="failed.png"/>
              <span class="class-name">MAVENModule._SeleniumAdactinTests.TC_108</span>
            </div> <!-- main-panel-header rounded-window-top -->
            <div class="main-panel-content rounded-window-bottom">
              <div class="method">
                <div class="method-content">
                  <a name="test08">
                  </a> <!-- test08 -->
                  <span class="method-name">test08</span>
                  <div class="stack-trace">java.lang.AssertionError: expected [250.0] but found [650.0]
	at org.testng.Assert.fail(Assert.java:96)
	at org.testng.Assert.failNotEquals(Assert.java:776)
	at org.testng.Assert.assertEqualsImpl(Assert.java:137)
	at org.testng.Assert.assertEquals(Assert.java:118)
	at org.testng.Assert.assertEquals(Assert.java:453)
	at org.testng.Assert.assertEquals(Assert.java:463)
	at MAVENModule._SeleniumAdactinTests.TC_108.test08(TC_108.java:85)
	at sun.reflect.NativeMethodAccessorImpl.invoke0(Native Method)
	at sun.reflect.NativeMethodAccessorImpl.invoke(Unknown Source)
	at sun.reflect.DelegatingMethodAccessorImpl.invoke(Unknown Source)
	at java.lang.reflect.Method.invoke(Unknown Source)
	at org.testng.internal.MethodInvocationHelper.invokeMethod(MethodInvocationHelper.java:124)
	at org.testng.internal.Invoker.invokeMethod(Invoker.java:580)
	at org.testng.internal.Invoker.invokeTestMethod(Invoker.java:716)
	at org.testng.internal.Invoker.invokeTestMethods(Invoker.java:988)
	at org.testng.internal.TestMethodWorker.invokeTestMethods(TestMethodWorker.java:125)
	at org.testng.internal.TestMethodWorker.run(TestMethodWorker.java:109)
	at org.testng.TestRunner.privateRun(TestRunner.java:648)
	at org.testng.TestRunner.run(TestRunner.java:505)
	at org.testng.SuiteRunner.runTest(SuiteRunner.java:455)
	at org.testng.SuiteRunner.runSequentially(SuiteRunner.java:450)
	at org.testng.SuiteRunner.privateRun(SuiteRunner.java:415)
	at org.testng.SuiteRunner.run(SuiteRunner.java:364)
	at org.testng.SuiteRunnerWorker.runSuite(SuiteRunnerWorker.java:52)
	at org.testng.SuiteRunnerWorker.run(SuiteRunnerWorker.java:84)
	at org.testng.TestNG.runSuitesSequentially(TestNG.java:1208)
	at org.testng.TestNG.runSuitesLocally(TestNG.java:1137)
	at org.testng.TestNG.runSuites(TestNG.java:1049)
	at org.testng.TestNG.run(TestNG.java:1017)
	at org.testng.remote.AbstractRemoteTestNG.run(AbstractRemoteTestNG.java:114)
	at org.testng.remote.RemoteTestNG.initAndRun(RemoteTestNG.java:251)
	at org.testng.remote.RemoteTestNG.main(RemoteTestNG.java:77)

</div> <!-- stack-trace -->
                </div> <!-- method-content -->
              </div> <!-- method -->
            </div> <!-- main-panel-content rounded-window-bottom -->
          </div> <!-- suite-Adactin_Hotel_App_Default_test_suite-class-failed -->
          <div class="suite-Adactin_Hotel_App_Default_test_suite-class-failed">
            <div class="main-panel-header rounded-window-top">
              <img src="failed.png"/>
              <span class="class-name">MAVENModule._SeleniumAdactinTests.TC_103</span>
            </div> <!-- main-panel-header rounded-window-top -->
            <div class="main-panel-content rounded-window-bottom">
              <div class="method">
                <div class="method-content">
                  <a name="tc103">
                  </a> <!-- tc103 -->
                  <span class="method-name">tc103</span>
                  <div class="stack-trace">java.lang.AssertionError: null
	at org.testng.Assert.fail(Assert.java:96)
	at org.testng.Assert.fail(Assert.java:103)
	at MAVENModule._SeleniumAdactinTests.TC_103.tc103(TC_103.java:125)
	at sun.reflect.NativeMethodAccessorImpl.invoke0(Native Method)
	at sun.reflect.NativeMethodAccessorImpl.invoke(Unknown Source)
	at sun.reflect.DelegatingMethodAccessorImpl.invoke(Unknown Source)
	at java.lang.reflect.Method.invoke(Unknown Source)
	at org.testng.internal.MethodInvocationHelper.invokeMethod(MethodInvocationHelper.java:124)
	at org.testng.internal.Invoker.invokeMethod(Invoker.java:580)
	at org.testng.internal.Invoker.invokeTestMethod(Invoker.java:716)
	at org.testng.internal.Invoker.invokeTestMethods(Invoker.java:988)
	at org.testng.internal.TestMethodWorker.invokeTestMethods(TestMethodWorker.java:125)
	at org.testng.internal.TestMethodWorker.run(TestMethodWorker.java:109)
	at org.testng.TestRunner.privateRun(TestRunner.java:648)
	at org.testng.TestRunner.run(TestRunner.java:505)
	at org.testng.SuiteRunner.runTest(SuiteRunner.java:455)
	at org.testng.SuiteRunner.runSequentially(SuiteRunner.java:450)
	at org.testng.SuiteRunner.privateRun(SuiteRunner.java:415)
	at org.testng.SuiteRunner.run(SuiteRunner.java:364)
	at org.testng.SuiteRunnerWorker.runSuite(SuiteRunnerWorker.java:52)
	at org.testng.SuiteRunnerWorker.run(SuiteRunnerWorker.java:84)
	at org.testng.TestNG.runSuitesSequentially(TestNG.java:1208)
	at org.testng.TestNG.runSuitesLocally(TestNG.java:1137)
	at org.testng.TestNG.runSuites(TestNG.java:1049)
	at org.testng.TestNG.run(TestNG.java:1017)
	at org.testng.remote.AbstractRemoteTestNG.run(AbstractRemoteTestNG.java:114)
	at org.testng.remote.RemoteTestNG.initAndRun(RemoteTestNG.java:251)
	at org.testng.remote.RemoteTestNG.main(RemoteTestNG.java:77)

</div> <!-- stack-trace -->
                </div> <!-- method-content -->
              </div> <!-- method -->
            </div> <!-- main-panel-content rounded-window-bottom -->
          </div> <!-- suite-Adactin_Hotel_App_Default_test_suite-class-failed -->
          <div class="suite-Adactin_Hotel_App_Default_test_suite-class-passed">
            <div class="main-panel-header rounded-window-top">
              <img src="passed.png"/>
              <span class="class-name">MAVENModule._SeleniumAdactinTests.TC_107</span>
            </div> <!-- main-panel-header rounded-window-top -->
            <div class="main-panel-content rounded-window-bottom">
              <div class="method">
                <div class="method-content">
                  <a name="test07">
                  </a> <!-- test07 -->
                  <span class="method-name">test07</span>
                </div> <!-- method-content -->
              </div> <!-- method -->
            </div> <!-- main-panel-content rounded-window-bottom -->
          </div> <!-- suite-Adactin_Hotel_App_Default_test_suite-class-passed -->
          <div class="suite-Adactin_Hotel_App_Default_test_suite-class-passed">
            <div class="main-panel-header rounded-window-top">
              <img src="passed.png"/>
              <span class="class-name">MAVENModule._SeleniumAdactinTests.TC_105</span>
            </div> <!-- main-panel-header rounded-window-top -->
            <div class="main-panel-content rounded-window-bottom">
              <div class="method">
                <div class="method-content">
                  <a name="tc105">
                  </a> <!-- tc105 -->
                  <span class="method-name">tc105</span>
                </div> <!-- method-content -->
              </div> <!-- method -->
            </div> <!-- main-panel-content rounded-window-bottom -->
          </div> <!-- suite-Adactin_Hotel_App_Default_test_suite-class-passed -->
          <div class="suite-Adactin_Hotel_App_Default_test_suite-class-passed">
            <div class="main-panel-header rounded-window-top">
              <img src="passed.png"/>
              <span class="class-name">MAVENModule._SeleniumAdactinTests.TC_102</span>
            </div> <!-- main-panel-header rounded-window-top -->
            <div class="main-panel-content rounded-window-bottom">
              <div class="method">
                <div class="method-content">
                  <a name="tc102_verify_date_error_msgs">
                  </a> <!-- tc102_verify_date_error_msgs -->
                  <span class="method-name">tc102_verify_date_error_msgs</span>
                </div> <!-- method-content -->
              </div> <!-- method -->
            </div> <!-- main-panel-content rounded-window-bottom -->
          </div> <!-- suite-Adactin_Hotel_App_Default_test_suite-class-passed -->
          <div class="suite-Adactin_Hotel_App_Default_test_suite-class-passed">
            <div class="main-panel-header rounded-window-top">
              <img src="passed.png"/>
              <span class="class-name">MAVENModule._SeleniumAdactinTests.TC_104</span>
            </div> <!-- main-panel-header rounded-window-top -->
            <div class="main-panel-content rounded-window-bottom">
              <div class="method">
                <div class="method-content">
                  <a name="test04">
                  </a> <!-- test04 -->
                  <span class="method-name">test04</span>
                </div> <!-- method-content -->
              </div> <!-- method -->
            </div> <!-- main-panel-content rounded-window-bottom -->
          </div> <!-- suite-Adactin_Hotel_App_Default_test_suite-class-passed -->
          <div class="suite-Adactin_Hotel_App_Default_test_suite-class-passed">
            <div class="main-panel-header rounded-window-top">
              <img src="passed.png"/>
              <span class="class-name">MAVENModule._SeleniumAdactinTests.TC_106</span>
            </div> <!-- main-panel-header rounded-window-top -->
            <div class="main-panel-content rounded-window-bottom">
              <div class="method">
                <div class="method-content">
                  <a name="tc106">
                  </a> <!-- tc106 -->
                  <span class="method-name">tc106</span>
                </div> <!-- method-content -->
              </div> <!-- method -->
            </div> <!-- main-panel-content rounded-window-bottom -->
          </div> <!-- suite-Adactin_Hotel_App_Default_test_suite-class-passed -->
          <div class="suite-Adactin_Hotel_App_Default_test_suite-class-passed">
            <div class="main-panel-header rounded-window-top">
              <img src="passed.png"/>
              <span class="class-name">MAVENModule._SeleniumAdactinTests.TC_101</span>
            </div> <!-- main-panel-header rounded-window-top -->
            <div class="main-panel-content rounded-window-bottom">
              <div class="method">
                <div class="method-content">
                  <a name="tc101_verify_valid_login">
                  </a> <!-- tc101_verify_valid_login -->
                  <span class="method-name">tc101_verify_valid_login</span>
                </div> <!-- method-content -->
              </div> <!-- method -->
            </div> <!-- main-panel-content rounded-window-bottom -->
          </div> <!-- suite-Adactin_Hotel_App_Default_test_suite-class-passed -->
        </div> <!-- panel Adactin_Hotel_App_Default_test_suite -->
        <div panel-name="test-xml-Adactin_Hotel_App_Default_test_suite" class="panel">
          <div class="main-panel-header rounded-window-top">
            <span class="header-content">C:\htgitlocalrepo\_SeleniumAdactinTests\src\test\java\MAVENModule\_SeleniumAdactinTests\series_testng.xml</span>
          </div> <!-- main-panel-header rounded-window-top -->
          <div class="main-panel-content rounded-window-bottom">
            <pre>
&lt;?xml version=&quot;1.0&quot; encoding=&quot;UTF-8&quot;?&gt;
&lt;!DOCTYPE suite SYSTEM &quot;http://testng.org/testng-1.0.dtd&quot;&gt;
&lt;suite guice-stage=&quot;DEVELOPMENT&quot; name=&quot;Adactin Hotel App Default test suite&quot;&gt;
  &lt;test thread-count=&quot;5&quot; verbose=&quot;2&quot; name=&quot;Smoke tests&quot;&gt;
    &lt;parameter name=&quot;driver-type&quot; value=&quot;CHROME&quot;/&gt;
    &lt;classes&gt;
      &lt;class name=&quot;MAVENModule._SeleniumAdactinTests.TC_101&quot;/&gt;
      &lt;class name=&quot;MAVENModule._SeleniumAdactinTests.TC_102&quot;/&gt;
      &lt;class name=&quot;MAVENModule._SeleniumAdactinTests.TC_103&quot;/&gt;
      &lt;class name=&quot;MAVENModule._SeleniumAdactinTests.TC_104&quot;/&gt;
      &lt;class name=&quot;MAVENModule._SeleniumAdactinTests.TC_105&quot;/&gt;
      &lt;class name=&quot;MAVENModule._SeleniumAdactinTests.TC_106&quot;/&gt;
      &lt;class name=&quot;MAVENModule._SeleniumAdactinTests.TC_107&quot;/&gt;
      &lt;class name=&quot;MAVENModule._SeleniumAdactinTests.TC_108&quot;/&gt;
    &lt;/classes&gt;
  &lt;/test&gt; &lt;!-- Smoke tests --&gt;
&lt;/suite&gt; &lt;!-- Adactin Hotel App Default test suite --&gt;
            </pre>
          </div> <!-- main-panel-content rounded-window-bottom -->
        </div> <!-- panel -->
        <div panel-name="testlist-Adactin_Hotel_App_Default_test_suite" class="panel">
          <div class="main-panel-header rounded-window-top">
            <span class="header-content">Tests for Adactin Hotel App Default test suite</span>
          </div> <!-- main-panel-header rounded-window-top -->
          <div class="main-panel-content rounded-window-bottom">
            <ul>
              <li>
                <span class="test-name">Smoke tests (8 classes)</span>
              </li>
            </ul>
          </div> <!-- main-panel-content rounded-window-bottom -->
        </div> <!-- panel -->
        <div panel-name="group-Adactin_Hotel_App_Default_test_suite" class="panel">
          <div class="main-panel-header rounded-window-top">
            <span class="header-content">Groups for Adactin Hotel App Default test suite</span>
          </div> <!-- main-panel-header rounded-window-top -->
          <div class="main-panel-content rounded-window-bottom">
          </div> <!-- main-panel-content rounded-window-bottom -->
        </div> <!-- panel -->
        <div panel-name="times-Adactin_Hotel_App_Default_test_suite" class="panel">
          <div class="main-panel-header rounded-window-top">
            <span class="header-content">Times for Adactin Hotel App Default test suite</span>
          </div> <!-- main-panel-header rounded-window-top -->
          <div class="main-panel-content rounded-window-bottom">
            <div class="times-div">
              <script type="text/javascript">
suiteTableInitFunctions.push('tableData_Adactin_Hotel_App_Default_test_suite');
function tableData_Adactin_Hotel_App_Default_test_suite() {
var data = new google.visualization.DataTable();
data.addColumn('number', 'Number');
data.addColumn('string', 'Method');
data.addColumn('string', 'Class');
data.addColumn('number', 'Time (ms)');
data.addRows(8);
data.setCell(0, 0, 0)
data.setCell(0, 1, 'tc103')
data.setCell(0, 2, 'MAVENModule._SeleniumAdactinTests.TC_103')
data.setCell(0, 3, 19936);
data.setCell(1, 0, 1)
data.setCell(1, 1, 'tc101_verify_valid_login')
data.setCell(1, 2, 'MAVENModule._SeleniumAdactinTests.TC_101')
data.setCell(1, 3, 8995);
data.setCell(2, 0, 2)
data.setCell(2, 1, 'test04')
data.setCell(2, 2, 'MAVENModule._SeleniumAdactinTests.TC_104')
data.setCell(2, 3, 5470);
data.setCell(3, 0, 3)
data.setCell(3, 1, 'tc102_verify_date_error_msgs')
data.setCell(3, 2, 'MAVENModule._SeleniumAdactinTests.TC_102')
data.setCell(3, 3, 4869);
data.setCell(4, 0, 4)
data.setCell(4, 1, 'test08')
data.setCell(4, 2, 'MAVENModule._SeleniumAdactinTests.TC_108')
data.setCell(4, 3, 4313);
data.setCell(5, 0, 5)
data.setCell(5, 1, 'tc106')
data.setCell(5, 2, 'MAVENModule._SeleniumAdactinTests.TC_106')
data.setCell(5, 3, 4231);
data.setCell(6, 0, 6)
data.setCell(6, 1, 'tc105')
data.setCell(6, 2, 'MAVENModule._SeleniumAdactinTests.TC_105')
data.setCell(6, 3, 4175);
data.setCell(7, 0, 7)
data.setCell(7, 1, 'test07')
data.setCell(7, 2, 'MAVENModule._SeleniumAdactinTests.TC_107')
data.setCell(7, 3, 3979);
window.suiteTableData['Adactin_Hotel_App_Default_test_suite']= { tableData: data, tableDiv: 'times-div-Adactin_Hotel_App_Default_test_suite'}
return data;
}
              </script>
              <span class="suite-total-time">Total running time: 55 seconds</span>
              <div id="times-div-Adactin_Hotel_App_Default_test_suite">
              </div> <!-- times-div-Adactin_Hotel_App_Default_test_suite -->
            </div> <!-- times-div -->
          </div> <!-- main-panel-content rounded-window-bottom -->
        </div> <!-- panel -->
        <div panel-name="reporter-Adactin_Hotel_App_Default_test_suite" class="panel">
          <div class="main-panel-header rounded-window-top">
            <span class="header-content">Reporter output for Adactin Hotel App Default test suite</span>
          </div> <!-- main-panel-header rounded-window-top -->
          <div class="main-panel-content rounded-window-bottom">
          </div> <!-- main-panel-content rounded-window-bottom -->
        </div> <!-- panel -->
        <div panel-name="ignored-methods-Adactin_Hotel_App_Default_test_suite" class="panel">
          <div class="main-panel-header rounded-window-top">
            <span class="header-content">14 ignored methods</span>
          </div> <!-- main-panel-header rounded-window-top -->
          <div class="main-panel-content rounded-window-bottom">
            <div class="ignored-class-div">
              <span class="ignored-class-name">MAVENModule._SeleniumAdactinTests.TC_107</span>
              <div class="ignored-methods-div">
                <span class="ignored-method-name">releaseWebDriver</span>
                <br/>
                <span class="ignored-method-name">createWebDriver</span>
                <br/>
              </div> <!-- ignored-methods-div -->
            </div> <!-- ignored-class-div -->
            <div class="ignored-class-div">
              <span class="ignored-class-name">MAVENModule._SeleniumAdactinTests.TC_105</span>
              <div class="ignored-methods-div">
                <span class="ignored-method-name">releaseWebDriver</span>
                <br/>
                <span class="ignored-method-name">createWebDriver</span>
                <br/>
              </div> <!-- ignored-methods-div -->
            </div> <!-- ignored-class-div -->
            <div class="ignored-class-div">
              <span class="ignored-class-name">MAVENModule._SeleniumAdactinTests.TC_108</span>
              <div class="ignored-methods-div">
                <span class="ignored-method-name">releaseWebDriver</span>
                <br/>
                <span class="ignored-method-name">createWebDriver</span>
                <br/>
              </div> <!-- ignored-methods-div -->
            </div> <!-- ignored-class-div -->
            <div class="ignored-class-div">
              <span class="ignored-class-name">MAVENModule._SeleniumAdactinTests.TC_102</span>
              <div class="ignored-methods-div">
                <span class="ignored-method-name">releaseWebDriver</span>
                <br/>
                <span class="ignored-method-name">createWebDriver</span>
                <br/>
              </div> <!-- ignored-methods-div -->
            </div> <!-- ignored-class-div -->
            <div class="ignored-class-div">
              <span class="ignored-class-name">MAVENModule._SeleniumAdactinTests.TC_103</span>
              <div class="ignored-methods-div">
                <span class="ignored-method-name">releaseWebDriver</span>
                <br/>
                <span class="ignored-method-name">createWebDriver</span>
                <br/>
              </div> <!-- ignored-methods-div -->
            </div> <!-- ignored-class-div -->
            <div class="ignored-class-div">
              <span class="ignored-class-name">MAVENModule._SeleniumAdactinTests.TC_104</span>
              <div class="ignored-methods-div">
                <span class="ignored-method-name">releaseWebDriver</span>
                <br/>
                <span class="ignored-method-name">createWebDriver</span>
                <br/>
              </div> <!-- ignored-methods-div -->
            </div> <!-- ignored-class-div -->
            <div class="ignored-class-div">
              <span class="ignored-class-name">MAVENModule._SeleniumAdactinTests.TC_106</span>
              <div class="ignored-methods-div">
                <span class="ignored-method-name">releaseWebDriver</span>
                <br/>
                <span class="ignored-method-name">createWebDriver</span>
                <br/>
              </div> <!-- ignored-methods-div -->
            </div> <!-- ignored-class-div -->
          </div> <!-- main-panel-content rounded-window-bottom -->
        </div> <!-- panel -->
        <div panel-name="chronological-Adactin_Hotel_App_Default_test_suite" class="panel">
          <div class="main-panel-header rounded-window-top">
            <span class="header-content">Methods in chronological order</span>
          </div> <!-- main-panel-header rounded-window-top -->
          <div class="main-panel-content rounded-window-bottom">
            <div class="chronological-class">
              <div class="chronological-class-name">MAVENModule._SeleniumAdactinTests.TC_101</div> <!-- chronological-class-name -->
              <div class="configuration-test before">
                <span class="method-name">createWebDriver(CHROME)</span>
                <span class="method-start">0 ms</span>
              </div> <!-- configuration-test before -->
              <div class="test-method">
                <span class="method-name">tc101_verify_valid_login</span>
                <span class="method-start">3514 ms</span>
              </div> <!-- test-method -->
            </div> <!-- chronological-class -->
            <div class="chronological-class">
              <div class="chronological-class-name">MAVENModule._SeleniumAdactinTests.TC_102</div> <!-- chronological-class-name -->
              <div class="test-method">
                <span class="method-name">tc102_verify_date_error_msgs</span>
                <span class="method-start">12517 ms</span>
              </div> <!-- test-method -->
            </div> <!-- chronological-class -->
            <div class="chronological-class">
              <div class="chronological-class-name">MAVENModule._SeleniumAdactinTests.TC_103</div> <!-- chronological-class-name -->
              <div class="test-method">
                <img src="failed.png">
                </img>
                <span class="method-name">tc103</span>
                <span class="method-start">17386 ms</span>
              </div> <!-- test-method -->
            </div> <!-- chronological-class -->
            <div class="chronological-class">
              <div class="chronological-class-name">MAVENModule._SeleniumAdactinTests.TC_104</div> <!-- chronological-class-name -->
              <div class="test-method">
                <span class="method-name">test04</span>
                <span class="method-start">37339 ms</span>
              </div> <!-- test-method -->
            </div> <!-- chronological-class -->
            <div class="chronological-class">
              <div class="chronological-class-name">MAVENModule._SeleniumAdactinTests.TC_105</div> <!-- chronological-class-name -->
              <div class="test-method">
                <span class="method-name">tc105</span>
                <span class="method-start">42813 ms</span>
              </div> <!-- test-method -->
            </div> <!-- chronological-class -->
            <div class="chronological-class">
              <div class="chronological-class-name">MAVENModule._SeleniumAdactinTests.TC_106</div> <!-- chronological-class-name -->
              <div class="test-method">
                <span class="method-name">tc106</span>
                <span class="method-start">46989 ms</span>
              </div> <!-- test-method -->
            </div> <!-- chronological-class -->
            <div class="chronological-class">
              <div class="chronological-class-name">MAVENModule._SeleniumAdactinTests.TC_107</div> <!-- chronological-class-name -->
              <div class="test-method">
                <span class="method-name">test07</span>
                <span class="method-start">51221 ms</span>
              </div> <!-- test-method -->
            </div> <!-- chronological-class -->
            <div class="chronological-class">
              <div class="chronological-class-name">MAVENModule._SeleniumAdactinTests.TC_108</div> <!-- chronological-class-name -->
              <div class="test-method">
                <img src="failed.png">
                </img>
                <span class="method-name">test08</span>
                <span class="method-start">55201 ms</span>
              </div> <!-- test-method -->
            </div> <!-- chronological-class -->
            <div class="chronological-class">
              <div class="chronological-class-name">MAVENModule._SeleniumAdactinTests.TC_101</div> <!-- chronological-class-name -->
              <div class="configuration-test after">
                <span class="method-name">releaseWebDriver</span>
                <span class="method-start">59514 ms</span>
              </div> <!-- configuration-test after -->
          </div> <!-- main-panel-content rounded-window-bottom -->
        </div> <!-- panel -->
      </div> <!-- main-panel-root -->
    </div> <!-- wrapper -->
  </body>
</html>
