<?xml version="1.0" encoding="UTF-8"?>
<testng-results skipped="0" failed="1" ignored="0" total="3" passed="2">
  <reporter-output>
  </reporter-output>
  <suite name="Default suite" duration-ms="24661" started-at="2018-04-15T14:10:09Z" finished-at="2018-04-15T14:10:33Z">
    <groups>
    </groups>
    <test name="Default test" duration-ms="24661" started-at="2018-04-15T14:10:09Z" finished-at="2018-04-15T14:10:33Z">
      <class name="sff2.GoogleSmokeTest2">
        <test-method status="PASS" signature="createWebDriver()[pri:0, instance:sff2.GoogleSmokeTest2@66a3ffec]" name="createWebDriver" is-config="true" duration-ms="5740" started-at="2018-04-15T14:10:09Z" finished-at="2018-04-15T14:10:15Z">
          <reporter-output>
          </reporter-output>
        </test-method> <!-- createWebDriver -->
        <test-method status="PASS" signature="createWebDriver()[pri:0, instance:sff2.GoogleSmokeTest2@66a3ffec]" name="createWebDriver" is-config="true" duration-ms="5983" started-at="2018-04-15T14:10:09Z" finished-at="2018-04-15T14:10:15Z">
          <reporter-output>
          </reporter-output>
        </test-method> <!-- createWebDriver -->
        <test-method status="PASS" signature="createWebDriver()[pri:0, instance:sff2.GoogleSmokeTest2@66a3ffec]" name="createWebDriver" is-config="true" duration-ms="5752" started-at="2018-04-15T14:10:09Z" finished-at="2018-04-15T14:10:15Z">
          <reporter-output>
          </reporter-output>
        </test-method> <!-- createWebDriver -->
        <test-method status="FAIL" signature="googleSmokeTest(java.lang.String)[pri:0, instance:sff2.GoogleSmokeTest2@66a3ffec]" name="googleSmokeTest" duration-ms="18297" started-at="2018-04-15T14:10:15Z" data-provider="testdataProvider" finished-at="2018-04-15T14:10:33Z">
          <params>
            <param index="0">
              <value>
                <![CDATA[seahawks]]>
              </value>
            </param>
          </params>
          <exception class="java.lang.AssertionError">
            <message>
              <![CDATA[null]]>
            </message>
            <full-stacktrace>
              <![CDATA[java.lang.AssertionError: null
at org.testng.Assert.fail(Assert.java:96)
at org.testng.Assert.fail(Assert.java:103)
at sff2.GoogleSmokeTest2.searchGoogle(GoogleSmokeTest2.java:147)
at sff2.GoogleSmokeTest2.googleSmokeTest(GoogleSmokeTest2.java:154)
at sun.reflect.NativeMethodAccessorImpl.invoke0(Native Method)
at sun.reflect.NativeMethodAccessorImpl.invoke(Unknown Source)
at sun.reflect.DelegatingMethodAccessorImpl.invoke(Unknown Source)
at java.lang.reflect.Method.invoke(Unknown Source)
at org.testng.internal.MethodInvocationHelper.invokeMethod(MethodInvocationHelper.java:124)
at org.testng.internal.Invoker.invokeMethod(Invoker.java:580)
at org.testng.internal.Invoker.invokeTestMethod(Invoker.java:716)
at org.testng.internal.TestMethodWithDataProviderMethodWorker.call(TestMethodWithDataProviderMethodWorker.java:71)
at org.testng.internal.TestMethodWithDataProviderMethodWorker.call(TestMethodWithDataProviderMethodWorker.java:14)
at java.util.concurrent.FutureTask.run(Unknown Source)
at java.util.concurrent.Executors$RunnableAdapter.call(Unknown Source)
at java.util.concurrent.FutureTask.run(Unknown Source)
at java.util.concurrent.ThreadPoolExecutor.runWorker(Unknown Source)
at java.util.concurrent.ThreadPoolExecutor$Worker.run(Unknown Source)
at java.lang.Thread.run(Unknown Source)
]]>
            </full-stacktrace>
          </exception> <!-- java.lang.AssertionError -->
          <reporter-output>
          </reporter-output>
        </test-method> <!-- googleSmokeTest -->
        <test-method status="PASS" signature="googleSmokeTest(java.lang.String)[pri:0, instance:sff2.GoogleSmokeTest2@66a3ffec]" name="googleSmokeTest" duration-ms="17628" started-at="2018-04-15T14:10:15Z" data-provider="testdataProvider" finished-at="2018-04-15T14:10:32Z">
          <params>
            <param index="0">
              <value>
                <![CDATA[sounders]]>
              </value>
            </param>
          </params>
          <reporter-output>
          </reporter-output>
        </test-method> <!-- googleSmokeTest -->
        <test-method status="PASS" signature="googleSmokeTest(java.lang.String)[pri:0, instance:sff2.GoogleSmokeTest2@66a3ffec]" name="googleSmokeTest" duration-ms="14547" started-at="2018-04-15T14:10:15Z" data-provider="testdataProvider" finished-at="2018-04-15T14:10:29Z">
          <params>
            <param index="0">
              <value>
                <![CDATA[storm]]>
              </value>
            </param>
          </params>
          <reporter-output>
          </reporter-output>
        </test-method> <!-- googleSmokeTest -->
        <test-method status="PASS" signature="releaseWebDriver()[pri:0, instance:sff2.GoogleSmokeTest2@66a3ffec]" name="releaseWebDriver" is-config="true" duration-ms="1124" started-at="2018-04-15T14:10:29Z" finished-at="2018-04-15T14:10:31Z">
          <reporter-output>
          </reporter-output>
        </test-method> <!-- releaseWebDriver -->
        <test-method status="PASS" signature="releaseWebDriver()[pri:0, instance:sff2.GoogleSmokeTest2@66a3ffec]" name="releaseWebDriver" is-config="true" duration-ms="692" started-at="2018-04-15T14:10:32Z" finished-at="2018-04-15T14:10:33Z">
          <reporter-output>
          </reporter-output>
        </test-method> <!-- releaseWebDriver -->
        <test-method status="PASS" signature="releaseWebDriver()[pri:0, instance:sff2.GoogleSmokeTest2@66a3ffec]" name="releaseWebDriver" is-config="true" duration-ms="555" started-at="2018-04-15T14:10:33Z" finished-at="2018-04-15T14:10:33Z">
          <reporter-output>
          </reporter-output>
        </test-method> <!-- releaseWebDriver -->
      </class> <!-- sff2.GoogleSmokeTest2 -->
    </test> <!-- Default test -->
  </suite> <!-- Default suite -->
</testng-results>
