<?xml version="1.0" encoding="UTF-8"?>
<!-- Generated by org.testng.reporters.JUnitXMLReporter -->
<testsuite hostname="LAPTOP-MTFJEHHC" ignored="0" name="TC_103" tests="1" failures="1" timestamp="16 Aug 2019 02:54:48 GMT" time="56.581" errors="0">
  <testcase name="tc103" time="43.699" classname="MAVENModule._SeleniumAdactinTests.TC_103">
    <failure type="java.lang.AssertionError" message="null">
      <![CDATA[java.lang.AssertionError: null
at MAVENModule._SeleniumAdactinTests.TC_103.tc103(TC_103.java:125)
at java.util.concurrent.FutureTask.run(Unknown Source)
at java.util.concurrent.ThreadPoolExecutor.runWorker(Unknown Source)
at java.util.concurrent.ThreadPoolExecutor$Worker.run(Unknown Source)
at java.lang.Thread.run(Unknown Source)
... Removed 18 stack frames]]>
    </failure>
  </testcase> <!-- tc103 -->
</testsuite> <!-- TC_103 -->
