<?xml version="1.0" encoding="UTF-8"?>
<!-- Generated by org.testng.reporters.JUnitXMLReporter -->
<testsuite hostname="LAPTOP-MTFJEHHC" ignored="0" name="TC_108" tests="1" failures="1" timestamp="16 Aug 2019 02:54:51 GMT" time="19.725" errors="0">
  <testcase name="test08" time="14.528" classname="MAVENModule._SeleniumAdactinTests.TC_108">
    <failure type="java.lang.AssertionError" message="expected [250.0] but found [650.0]">
      <![CDATA[java.lang.AssertionError: expected [250.0] but found [650.0]
at MAVENModule._SeleniumAdactinTests.TC_108.test08(TC_108.java:85)
at java.util.concurrent.FutureTask.run(Unknown Source)
at java.util.concurrent.ThreadPoolExecutor.runWorker(Unknown Source)
at java.util.concurrent.ThreadPoolExecutor$Worker.run(Unknown Source)
at java.lang.Thread.run(Unknown Source)
... Removed 22 stack frames]]>
    </failure>
  </testcase> <!-- test08 -->
</testsuite> <!-- TC_108 -->
