<?xml version="1.0" encoding="UTF-8"?>
<!-- Generated by org.testng.reporters.JUnitXMLReporter -->
<testsuite hostname="LAPTOP-MTFJEHHC" ignored="14" name="Smoke tests" tests="8" failures="2" timestamp="16 Aug 2019 00:26:09 GMT" time="60.533" errors="0">
  <testcase name="tc101_verify_valid_login" time="8.995" classname="MAVENModule._SeleniumAdactinTests.TC_101"/>
  <testcase name="tc102_verify_date_error_msgs" time="4.869" classname="MAVENModule._SeleniumAdactinTests.TC_102"/>
  <testcase name="tc103" time="19.936" classname="MAVENModule._SeleniumAdactinTests.TC_103">
    <failure type="java.lang.AssertionError" message="null">
      <![CDATA[java.lang.AssertionError: null
at org.testng.Assert.fail(Assert.java:96)
at org.testng.Assert.fail(Assert.java:103)
at MAVENModule._SeleniumAdactinTests.TC_103.tc103(TC_103.java:125)
at sun.reflect.NativeMethodAccessorImpl.invoke0(Native Method)
at sun.reflect.NativeMethodAccessorImpl.invoke(Unknown Source)
at sun.reflect.DelegatingMethodAccessorImpl.invoke(Unknown Source)
at java.lang.reflect.Method.invoke(Unknown Source)
at org.testng.internal.MethodInvocationHelper.invokeMethod(MethodInvocationHelper.java:124)
at org.testng.internal.Invoker.invokeMethod(Invoker.java:580)
at org.testng.internal.Invoker.invokeTestMethod(Invoker.java:716)
at org.testng.internal.Invoker.invokeTestMethods(Invoker.java:988)
at org.testng.internal.TestMethodWorker.invokeTestMethods(TestMethodWorker.java:125)
at org.testng.internal.TestMethodWorker.run(TestMethodWorker.java:109)
at org.testng.TestRunner.privateRun(TestRunner.java:648)
at org.testng.TestRunner.run(TestRunner.java:505)
at org.testng.SuiteRunner.runTest(SuiteRunner.java:455)
at org.testng.SuiteRunner.runSequentially(SuiteRunner.java:450)
at org.testng.SuiteRunner.privateRun(SuiteRunner.java:415)
at org.testng.SuiteRunner.run(SuiteRunner.java:364)
at org.testng.SuiteRunnerWorker.runSuite(SuiteRunnerWorker.java:52)
at org.testng.SuiteRunnerWorker.run(SuiteRunnerWorker.java:84)
at org.testng.TestNG.runSuitesSequentially(TestNG.java:1208)
at org.testng.TestNG.runSuitesLocally(TestNG.java:1137)
at org.testng.TestNG.runSuites(TestNG.java:1049)
at org.testng.TestNG.run(TestNG.java:1017)
at org.testng.remote.AbstractRemoteTestNG.run(AbstractRemoteTestNG.java:114)
at org.testng.remote.RemoteTestNG.initAndRun(RemoteTestNG.java:251)
at org.testng.remote.RemoteTestNG.main(RemoteTestNG.java:77)
]]>
    </failure>
  </testcase> <!-- tc103 -->
  <testcase name="test04" time="5.47" classname="MAVENModule._SeleniumAdactinTests.TC_104"/>
  <testcase name="tc105" time="4.175" classname="MAVENModule._SeleniumAdactinTests.TC_105"/>
  <testcase name="tc106" time="4.231" classname="MAVENModule._SeleniumAdactinTests.TC_106"/>
  <testcase name="test07" time="3.979" classname="MAVENModule._SeleniumAdactinTests.TC_107"/>
  <testcase name="test08" time="4.313" classname="MAVENModule._SeleniumAdactinTests.TC_108">
    <failure type="java.lang.AssertionError" message="expected [250.0] but found [650.0]">
      <![CDATA[java.lang.AssertionError: expected [250.0] but found [650.0]
at org.testng.Assert.fail(Assert.java:96)
at org.testng.Assert.failNotEquals(Assert.java:776)
at org.testng.Assert.assertEqualsImpl(Assert.java:137)
at org.testng.Assert.assertEquals(Assert.java:118)
at org.testng.Assert.assertEquals(Assert.java:453)
at org.testng.Assert.assertEquals(Assert.java:463)
at MAVENModule._SeleniumAdactinTests.TC_108.test08(TC_108.java:85)
at sun.reflect.NativeMethodAccessorImpl.invoke0(Native Method)
at sun.reflect.NativeMethodAccessorImpl.invoke(Unknown Source)
at sun.reflect.DelegatingMethodAccessorImpl.invoke(Unknown Source)
at java.lang.reflect.Method.invoke(Unknown Source)
at org.testng.internal.MethodInvocationHelper.invokeMethod(MethodInvocationHelper.java:124)
at org.testng.internal.Invoker.invokeMethod(Invoker.java:580)
at org.testng.internal.Invoker.invokeTestMethod(Invoker.java:716)
at org.testng.internal.Invoker.invokeTestMethods(Invoker.java:988)
at org.testng.internal.TestMethodWorker.invokeTestMethods(TestMethodWorker.java:125)
at org.testng.internal.TestMethodWorker.run(TestMethodWorker.java:109)
at org.testng.TestRunner.privateRun(TestRunner.java:648)
at org.testng.TestRunner.run(TestRunner.java:505)
at org.testng.SuiteRunner.runTest(SuiteRunner.java:455)
at org.testng.SuiteRunner.runSequentially(SuiteRunner.java:450)
at org.testng.SuiteRunner.privateRun(SuiteRunner.java:415)
at org.testng.SuiteRunner.run(SuiteRunner.java:364)
at org.testng.SuiteRunnerWorker.runSuite(SuiteRunnerWorker.java:52)
at org.testng.SuiteRunnerWorker.run(SuiteRunnerWorker.java:84)
at org.testng.TestNG.runSuitesSequentially(TestNG.java:1208)
at org.testng.TestNG.runSuitesLocally(TestNG.java:1137)
at org.testng.TestNG.runSuites(TestNG.java:1049)
at org.testng.TestNG.run(TestNG.java:1017)
at org.testng.remote.AbstractRemoteTestNG.run(AbstractRemoteTestNG.java:114)
at org.testng.remote.RemoteTestNG.initAndRun(RemoteTestNG.java:251)
at org.testng.remote.RemoteTestNG.main(RemoteTestNG.java:77)
]]>
    </failure>
  </testcase> <!-- test08 -->
  <testcase name="@AfterTest releaseWebDriver" time="0.0" classname="MAVENModule._SeleniumAdactinTests.system.DriverFactory">
    <ignored/>
  </testcase> <!-- @AfterTest releaseWebDriver -->
  <testcase name="@AfterTest releaseWebDriver" time="0.0" classname="MAVENModule._SeleniumAdactinTests.system.DriverFactory">
    <ignored/>
  </testcase> <!-- @AfterTest releaseWebDriver -->
  <testcase name="@AfterTest releaseWebDriver" time="0.0" classname="MAVENModule._SeleniumAdactinTests.system.DriverFactory">
    <ignored/>
  </testcase> <!-- @AfterTest releaseWebDriver -->
  <testcase name="@AfterTest releaseWebDriver" time="0.0" classname="MAVENModule._SeleniumAdactinTests.system.DriverFactory">
    <ignored/>
  </testcase> <!-- @AfterTest releaseWebDriver -->
  <testcase name="@AfterTest releaseWebDriver" time="0.0" classname="MAVENModule._SeleniumAdactinTests.system.DriverFactory">
    <ignored/>
  </testcase> <!-- @AfterTest releaseWebDriver -->
  <testcase name="@AfterTest releaseWebDriver" time="0.0" classname="MAVENModule._SeleniumAdactinTests.system.DriverFactory">
    <ignored/>
  </testcase> <!-- @AfterTest releaseWebDriver -->
  <testcase name="@AfterTest releaseWebDriver" time="0.0" classname="MAVENModule._SeleniumAdactinTests.system.DriverFactory">
    <ignored/>
  </testcase> <!-- @AfterTest releaseWebDriver -->
  <testcase name="@BeforeTest createWebDriver" time="0.0" classname="MAVENModule._SeleniumAdactinTests.system.DriverFactory">
    <ignored/>
  </testcase> <!-- @BeforeTest createWebDriver -->
  <testcase name="@BeforeTest createWebDriver" time="0.0" classname="MAVENModule._SeleniumAdactinTests.system.DriverFactory">
    <ignored/>
  </testcase> <!-- @BeforeTest createWebDriver -->
  <testcase name="@BeforeTest createWebDriver" time="0.0" classname="MAVENModule._SeleniumAdactinTests.system.DriverFactory">
    <ignored/>
  </testcase> <!-- @BeforeTest createWebDriver -->
  <testcase name="@BeforeTest createWebDriver" time="0.0" classname="MAVENModule._SeleniumAdactinTests.system.DriverFactory">
    <ignored/>
  </testcase> <!-- @BeforeTest createWebDriver -->
  <testcase name="@BeforeTest createWebDriver" time="0.0" classname="MAVENModule._SeleniumAdactinTests.system.DriverFactory">
    <ignored/>
  </testcase> <!-- @BeforeTest createWebDriver -->
  <testcase name="@BeforeTest createWebDriver" time="0.0" classname="MAVENModule._SeleniumAdactinTests.system.DriverFactory">
    <ignored/>
  </testcase> <!-- @BeforeTest createWebDriver -->
  <testcase name="@BeforeTest createWebDriver" time="0.0" classname="MAVENModule._SeleniumAdactinTests.system.DriverFactory">
    <ignored/>
  </testcase> <!-- @BeforeTest createWebDriver -->
</testsuite> <!-- Smoke tests -->
