<?xml version="1.0" encoding="UTF-8"?>
<!-- Generated by org.testng.reporters.JUnitXMLReporter -->
<testsuite hostname="LAPTOP-MTFJEHHC" ignored="0" name="Default test" tests="3" failures="0" timestamp="15 Jul 2019 19:28:04 GMT" time="3.403" errors="0">
  <testcase name="@BeforeMethod createWebDriver" time="3.247" classname="sff10.DriverFactory">
    <failure type="org.openqa.selenium.WebDriverException" message="Unable to parse remote response: Unknown error">
      <![CDATA[org.openqa.selenium.WebDriverException: Unable to parse remote response: Unknown error
at org.openqa.selenium.remote.ProtocolHandshake.createSession(ProtocolHandshake.java:115)
at org.openqa.selenium.remote.ProtocolHandshake.createSession(ProtocolHandshake.java:74)
at org.openqa.selenium.remote.HttpCommandExecutor.execute(HttpCommandExecutor.java:136)
at org.openqa.selenium.remote.service.DriverCommandExecutor.execute(DriverCommandExecutor.java:83)
at org.openqa.selenium.remote.RemoteWebDriver.execute(RemoteWebDriver.java:552)
at org.openqa.selenium.remote.RemoteWebDriver.startSession(RemoteWebDriver.java:213)
at org.openqa.selenium.remote.RemoteWebDriver.<init>(RemoteWebDriver.java:131)
at org.openqa.selenium.edge.EdgeDriver.<init>(EdgeDriver.java:141)
at org.openqa.selenium.edge.EdgeDriver.<init>(EdgeDriver.java:96)
at sff10.DriverType$2.getDriver(GoogleSmokeTest.java:39)
at sff10.DriverFactory.createWebDriver(GoogleSmokeTest.java:57)
at sff10.GoogleSmokeTest.createWebDriver(GoogleSmokeTest.java:1)
at sun.reflect.NativeMethodAccessorImpl.invoke0(Native Method)
at sun.reflect.NativeMethodAccessorImpl.invoke(Unknown Source)
at sun.reflect.DelegatingMethodAccessorImpl.invoke(Unknown Source)
at java.lang.reflect.Method.invoke(Unknown Source)
at org.testng.internal.MethodInvocationHelper.invokeMethod(MethodInvocationHelper.java:124)
at org.testng.internal.MethodInvocationHelper.invokeMethodConsideringTimeout(MethodInvocationHelper.java:59)
at org.testng.internal.Invoker.invokeConfigurationMethod(Invoker.java:455)
at org.testng.internal.Invoker.invokeConfigurations(Invoker.java:222)
at org.testng.internal.Invoker.invokeMethod(Invoker.java:520)
at org.testng.internal.Invoker.invokeTestMethod(Invoker.java:716)
at org.testng.internal.Invoker.invokeTestMethods(Invoker.java:988)
at org.testng.internal.TestMethodWorker.invokeTestMethods(TestMethodWorker.java:125)
at org.testng.internal.TestMethodWorker.run(TestMethodWorker.java:109)
at org.testng.TestRunner.privateRun(TestRunner.java:648)
at org.testng.TestRunner.run(TestRunner.java:505)
at org.testng.SuiteRunner.runTest(SuiteRunner.java:455)
at org.testng.SuiteRunner.runSequentially(SuiteRunner.java:450)
at org.testng.SuiteRunner.privateRun(SuiteRunner.java:415)
at org.testng.SuiteRunner.run(SuiteRunner.java:364)
at org.testng.SuiteRunnerWorker.runSuite(SuiteRunnerWorker.java:52)
at org.testng.SuiteRunnerWorker.run(SuiteRunnerWorker.java:84)
at org.testng.TestNG.runSuitesSequentially(TestNG.java:1208)
at org.testng.TestNG.runSuitesLocally(TestNG.java:1137)
at org.testng.TestNG.runSuites(TestNG.java:1049)
at org.testng.TestNG.run(TestNG.java:1017)
at org.testng.remote.AbstractRemoteTestNG.run(AbstractRemoteTestNG.java:114)
at org.testng.remote.RemoteTestNG.initAndRun(RemoteTestNG.java:251)
at org.testng.remote.RemoteTestNG.main(RemoteTestNG.java:77)
Caused by: org.openqa.selenium.json.JsonException: Unable to determine type from: U. Last 1 characters read: U
Build info: version: '3.141.59', revision: 'e82be7d358', time: '2018-11-14T08:17:03'
System info: host: 'LAPTOP-MTFJEHHC', ip: '192.168.0.68', os.name: 'Windows 10', os.arch: 'amd64', os.version: '10.0', java.version: '1.8.0_162'
Driver info: driver.version: EdgeDriver
at org.openqa.selenium.json.JsonInput.peek(JsonInput.java:122)
at org.openqa.selenium.json.JsonTypeCoercer.lambda$null$6(JsonTypeCoercer.java:140)
at org.openqa.selenium.json.JsonTypeCoercer.coerce(JsonTypeCoercer.java:126)
at org.openqa.selenium.json.Json.toType(Json.java:69)
at org.openqa.selenium.json.Json.toType(Json.java:55)
at org.openqa.selenium.json.Json.toType(Json.java:50)
at org.openqa.selenium.remote.ProtocolHandshake.createSession(ProtocolHandshake.java:112)
... 39 more
]]>
    </failure>
  </testcase> <!-- @BeforeMethod createWebDriver -->
  <testcase name="@AfterMethod releaseWebDriver" time="0.0" classname="sff10.DriverFactory">
    <skipped/>
  </testcase> <!-- @AfterMethod releaseWebDriver -->
  <testcase name="@BeforeMethod createWebDriver" time="0.0" classname="sff10.DriverFactory">
    <skipped/>
  </testcase> <!-- @BeforeMethod createWebDriver -->
  <testcase name="@AfterMethod releaseWebDriver" time="0.0" classname="sff10.DriverFactory">
    <skipped/>
  </testcase> <!-- @AfterMethod releaseWebDriver -->
  <testcase name="@BeforeMethod createWebDriver" time="0.0" classname="sff10.DriverFactory">
    <skipped/>
  </testcase> <!-- @BeforeMethod createWebDriver -->
  <testcase name="@AfterMethod releaseWebDriver" time="0.0" classname="sff10.DriverFactory">
    <skipped/>
  </testcase> <!-- @AfterMethod releaseWebDriver -->
  <testcase name="googleSmokeTest" time="0.0" classname="sff10.GoogleSmokeTest">
    <skipped/>
  </testcase> <!-- googleSmokeTest -->
  <testcase name="googleSmokeTest" time="0.0" classname="sff10.GoogleSmokeTest">
    <skipped/>
  </testcase> <!-- googleSmokeTest -->
  <testcase name="googleSmokeTest" time="0.0" classname="sff10.GoogleSmokeTest">
    <skipped/>
  </testcase> <!-- googleSmokeTest -->
</testsuite> <!-- Default test -->
